<?xml version="1.0" encoding="UTF-8"?>
<robot generator="Robot 6.1.1 (Python 3.11.2 on darwin)" generated="20231120 16:41:58.141" rpa="false" schemaversion="4">
<suite id="s1" name="Tests" source="/Users/laurasommarberg/ohtu-palautukset/viikko3/login-robot/src/tests">
<suite id="s1-s1" name="Login" source="/Users/laurasommarberg/ohtu-palautukset/viikko3/login-robot/src/tests/login.robot">
<test id="s1-s1-t1" name="Login With Correct Credentials" line="6">
<kw name="Create User And Input Login Command" type="SETUP">
<kw name="Create User" library="AppLibrary">
<arg>kalle</arg>
<arg>kalle123</arg>
<status status="PASS" starttime="20231120 16:41:58.150" endtime="20231120 16:41:58.150"/>
</kw>
<kw name="Input Login Command" library="resource">
<kw name="Input" library="AppLibrary">
<arg>login</arg>
<status status="PASS" starttime="20231120 16:41:58.150" endtime="20231120 16:41:58.150"/>
</kw>
<status status="PASS" starttime="20231120 16:41:58.150" endtime="20231120 16:41:58.150"/>
</kw>
<status status="PASS" starttime="20231120 16:41:58.150" endtime="20231120 16:41:58.150"/>
</kw>
<kw name="Input Credentials" library="resource">
<arg>kalle</arg>
<arg>kalle123</arg>
<kw name="Input" library="AppLibrary">
<arg>${username}</arg>
<status status="PASS" starttime="20231120 16:41:58.150" endtime="20231120 16:41:58.150"/>
</kw>
<kw name="Input" library="AppLibrary">
<arg>${password}</arg>
<status status="PASS" starttime="20231120 16:41:58.151" endtime="20231120 16:41:58.151"/>
</kw>
<kw name="Run Application" library="AppLibrary">
<status status="PASS" starttime="20231120 16:41:58.151" endtime="20231120 16:41:58.151"/>
</kw>
<status status="PASS" starttime="20231120 16:41:58.150" endtime="20231120 16:41:58.151"/>
</kw>
<kw name="Output Should Contain" library="AppLibrary">
<arg>Logged in</arg>
<status status="PASS" starttime="20231120 16:41:58.151" endtime="20231120 16:41:58.151"/>
</kw>
<status status="PASS" starttime="20231120 16:41:58.150" endtime="20231120 16:41:58.151"/>
</test>
<test id="s1-s1-t2" name="Login With Incorrect Password" line="11">
<kw name="Create User And Input Login Command" type="SETUP">
<kw name="Create User" library="AppLibrary">
<arg>kalle</arg>
<arg>kalle123</arg>
<status status="PASS" starttime="20231120 16:41:58.151" endtime="20231120 16:41:58.151"/>
</kw>
<kw name="Input Login Command" library="resource">
<kw name="Input" library="AppLibrary">
<arg>login</arg>
<status status="PASS" starttime="20231120 16:41:58.151" endtime="20231120 16:41:58.151"/>
</kw>
<status status="PASS" starttime="20231120 16:41:58.151" endtime="20231120 16:41:58.151"/>
</kw>
<status status="PASS" starttime="20231120 16:41:58.151" endtime="20231120 16:41:58.151"/>
</kw>
<kw name="Input Credentials" library="resource">
<arg>kalle</arg>
<arg>kalle122</arg>
<kw name="Input" library="AppLibrary">
<arg>${username}</arg>
<status status="PASS" starttime="20231120 16:41:58.151" endtime="20231120 16:41:58.151"/>
</kw>
<kw name="Input" library="AppLibrary">
<arg>${password}</arg>
<status status="PASS" starttime="20231120 16:41:58.151" endtime="20231120 16:41:58.152"/>
</kw>
<kw name="Run Application" library="AppLibrary">
<status status="PASS" starttime="20231120 16:41:58.152" endtime="20231120 16:41:58.152"/>
</kw>
<status status="PASS" starttime="20231120 16:41:58.151" endtime="20231120 16:41:58.152"/>
</kw>
<kw name="Output Should Contain" library="AppLibrary">
<arg>Invalid username or password</arg>
<status status="PASS" starttime="20231120 16:41:58.152" endtime="20231120 16:41:58.152"/>
</kw>
<status status="PASS" starttime="20231120 16:41:58.151" endtime="20231120 16:41:58.152"/>
</test>
<test id="s1-s1-t3" name="Login With Nonexistent Username" line="15">
<kw name="Create User And Input Login Command" type="SETUP">
<kw name="Create User" library="AppLibrary">
<arg>kalle</arg>
<arg>kalle123</arg>
<status status="PASS" starttime="20231120 16:41:58.152" endtime="20231120 16:41:58.152"/>
</kw>
<kw name="Input Login Command" library="resource">
<kw name="Input" library="AppLibrary">
<arg>login</arg>
<status status="PASS" starttime="20231120 16:41:58.152" endtime="20231120 16:41:58.152"/>
</kw>
<status status="PASS" starttime="20231120 16:41:58.152" endtime="20231120 16:41:58.152"/>
</kw>
<status status="PASS" starttime="20231120 16:41:58.152" endtime="20231120 16:41:58.152"/>
</kw>
<kw name="Input Credentials" library="resource">
<arg>kallle</arg>
<arg>kalle122</arg>
<kw name="Input" library="AppLibrary">
<arg>${username}</arg>
<status status="PASS" starttime="20231120 16:41:58.152" endtime="20231120 16:41:58.152"/>
</kw>
<kw name="Input" library="AppLibrary">
<arg>${password}</arg>
<status status="PASS" starttime="20231120 16:41:58.152" endtime="20231120 16:41:58.152"/>
</kw>
<kw name="Run Application" library="AppLibrary">
<status status="PASS" starttime="20231120 16:41:58.152" endtime="20231120 16:41:58.152"/>
</kw>
<status status="PASS" starttime="20231120 16:41:58.152" endtime="20231120 16:41:58.152"/>
</kw>
<kw name="Output Should Contain" library="AppLibrary">
<arg>Invalid username or password</arg>
<status status="PASS" starttime="20231120 16:41:58.152" endtime="20231120 16:41:58.152"/>
</kw>
<status status="PASS" starttime="20231120 16:41:58.152" endtime="20231120 16:41:58.152"/>
</test>
<status status="PASS" starttime="20231120 16:41:58.148" endtime="20231120 16:41:58.153"/>
</suite>
<suite id="s1-s2" name="Register" source="/Users/laurasommarberg/ohtu-palautukset/viikko3/login-robot/src/tests/register.robot">
<test id="s1-s2-t1" name="Register With Valid Username And Password" line="6">
<kw name="Create User And Input New Command" type="SETUP">
<kw name="Create User" library="AppLibrary">
<arg>kalle</arg>
<arg>kalle123</arg>
<status status="PASS" starttime="20231120 16:41:58.154" endtime="20231120 16:41:58.154"/>
</kw>
<kw name="Input New Command" library="resource">
<kw name="Input" library="AppLibrary">
<arg>new</arg>
<status status="PASS" starttime="20231120 16:41:58.154" endtime="20231120 16:41:58.154"/>
</kw>
<status status="PASS" starttime="20231120 16:41:58.154" endtime="20231120 16:41:58.154"/>
</kw>
<status status="PASS" starttime="20231120 16:41:58.154" endtime="20231120 16:41:58.154"/>
</kw>
<kw name="Input Credentials" library="resource">
<arg>kale</arg>
<arg>kalle122</arg>
<kw name="Input" library="AppLibrary">
<arg>${username}</arg>
<status status="PASS" starttime="20231120 16:41:58.154" endtime="20231120 16:41:58.154"/>
</kw>
<kw name="Input" library="AppLibrary">
<arg>${password}</arg>
<status status="PASS" starttime="20231120 16:41:58.154" endtime="20231120 16:41:58.154"/>
</kw>
<kw name="Run Application" library="AppLibrary">
<status status="PASS" starttime="20231120 16:41:58.154" endtime="20231120 16:41:58.154"/>
</kw>
<status status="PASS" starttime="20231120 16:41:58.154" endtime="20231120 16:41:58.154"/>
</kw>
<kw name="Output Should Contain" library="AppLibrary">
<arg>New user registered</arg>
<status status="PASS" starttime="20231120 16:41:58.154" endtime="20231120 16:41:58.154"/>
</kw>
<status status="PASS" starttime="20231120 16:41:58.154" endtime="20231120 16:41:58.154"/>
</test>
<test id="s1-s2-t2" name="Register With Already Taken Username And Valid Password" line="10">
<kw name="Create User And Input New Command" type="SETUP">
<kw name="Create User" library="AppLibrary">
<arg>kalle</arg>
<arg>kalle123</arg>
<status status="PASS" starttime="20231120 16:41:58.155" endtime="20231120 16:41:58.155"/>
</kw>
<kw name="Input New Command" library="resource">
<kw name="Input" library="AppLibrary">
<arg>new</arg>
<status status="PASS" starttime="20231120 16:41:58.155" endtime="20231120 16:41:58.155"/>
</kw>
<status status="PASS" starttime="20231120 16:41:58.155" endtime="20231120 16:41:58.155"/>
</kw>
<status status="PASS" starttime="20231120 16:41:58.154" endtime="20231120 16:41:58.155"/>
</kw>
<kw name="Input Credentials" library="resource">
<arg>kalle</arg>
<arg>kalle122</arg>
<kw name="Input" library="AppLibrary">
<arg>${username}</arg>
<status status="PASS" starttime="20231120 16:41:58.155" endtime="20231120 16:41:58.155"/>
</kw>
<kw name="Input" library="AppLibrary">
<arg>${password}</arg>
<status status="PASS" starttime="20231120 16:41:58.155" endtime="20231120 16:41:58.155"/>
</kw>
<kw name="Run Application" library="AppLibrary">
<status status="PASS" starttime="20231120 16:41:58.155" endtime="20231120 16:41:58.155"/>
</kw>
<status status="PASS" starttime="20231120 16:41:58.155" endtime="20231120 16:41:58.155"/>
</kw>
<kw name="Output Should Contain" library="AppLibrary">
<arg>Username is taken</arg>
<status status="PASS" starttime="20231120 16:41:58.155" endtime="20231120 16:41:58.155"/>
</kw>
<status status="PASS" starttime="20231120 16:41:58.154" endtime="20231120 16:41:58.155"/>
</test>
<test id="s1-s2-t3" name="Register With Too Short Username And Valid Password" line="14">
<kw name="Create User And Input New Command" type="SETUP">
<kw name="Create User" library="AppLibrary">
<arg>kalle</arg>
<arg>kalle123</arg>
<status status="PASS" starttime="20231120 16:41:58.155" endtime="20231120 16:41:58.155"/>
</kw>
<kw name="Input New Command" library="resource">
<kw name="Input" library="AppLibrary">
<arg>new</arg>
<status status="PASS" starttime="20231120 16:41:58.155" endtime="20231120 16:41:58.156"/>
</kw>
<status status="PASS" starttime="20231120 16:41:58.155" endtime="20231120 16:41:58.156"/>
</kw>
<status status="PASS" starttime="20231120 16:41:58.155" endtime="20231120 16:41:58.156"/>
</kw>
<kw name="Input Credentials" library="resource">
<arg>ke</arg>
<arg>kalle122</arg>
<kw name="Input" library="AppLibrary">
<arg>${username}</arg>
<status status="PASS" starttime="20231120 16:41:58.156" endtime="20231120 16:41:58.156"/>
</kw>
<kw name="Input" library="AppLibrary">
<arg>${password}</arg>
<status status="PASS" starttime="20231120 16:41:58.156" endtime="20231120 16:41:58.156"/>
</kw>
<kw name="Run Application" library="AppLibrary">
<status status="PASS" starttime="20231120 16:41:58.156" endtime="20231120 16:41:58.156"/>
</kw>
<status status="PASS" starttime="20231120 16:41:58.156" endtime="20231120 16:41:58.156"/>
</kw>
<kw name="Output Should Contain" library="AppLibrary">
<arg>Username must be at least 3 characters long</arg>
<status status="PASS" starttime="20231120 16:41:58.156" endtime="20231120 16:41:58.156"/>
</kw>
<status status="PASS" starttime="20231120 16:41:58.155" endtime="20231120 16:41:58.156"/>
</test>
<test id="s1-s2-t4" name="Register With Enough Long But Invalid Username And Valid Password" line="18">
<kw name="Create User And Input New Command" type="SETUP">
<kw name="Create User" library="AppLibrary">
<arg>kalle</arg>
<arg>kalle123</arg>
<status status="PASS" starttime="20231120 16:41:58.156" endtime="20231120 16:41:58.156"/>
</kw>
<kw name="Input New Command" library="resource">
<kw name="Input" library="AppLibrary">
<arg>new</arg>
<status status="PASS" starttime="20231120 16:41:58.156" endtime="20231120 16:41:58.156"/>
</kw>
<status status="PASS" starttime="20231120 16:41:58.156" endtime="20231120 16:41:58.156"/>
</kw>
<status status="PASS" starttime="20231120 16:41:58.156" endtime="20231120 16:41:58.156"/>
</kw>
<kw name="Input Credentials" library="resource">
<arg>kalle1</arg>
<arg>kalle122</arg>
<kw name="Input" library="AppLibrary">
<arg>${username}</arg>
<status status="PASS" starttime="20231120 16:41:58.156" endtime="20231120 16:41:58.156"/>
</kw>
<kw name="Input" library="AppLibrary">
<arg>${password}</arg>
<status status="PASS" starttime="20231120 16:41:58.156" endtime="20231120 16:41:58.156"/>
</kw>
<kw name="Run Application" library="AppLibrary">
<status status="PASS" starttime="20231120 16:41:58.156" endtime="20231120 16:41:58.157"/>
</kw>
<status status="PASS" starttime="20231120 16:41:58.156" endtime="20231120 16:41:58.157"/>
</kw>
<kw name="Output Should Contain" library="AppLibrary">
<arg>Invalid username</arg>
<status status="PASS" starttime="20231120 16:41:58.157" endtime="20231120 16:41:58.157"/>
</kw>
<status status="PASS" starttime="20231120 16:41:58.156" endtime="20231120 16:41:58.157"/>
</test>
<test id="s1-s2-t5" name="Register With Valid Username And Too Short Password" line="22">
<kw name="Create User And Input New Command" type="SETUP">
<kw name="Create User" library="AppLibrary">
<arg>kalle</arg>
<arg>kalle123</arg>
<status status="PASS" starttime="20231120 16:41:58.157" endtime="20231120 16:41:58.157"/>
</kw>
<kw name="Input New Command" library="resource">
<kw name="Input" library="AppLibrary">
<arg>new</arg>
<status status="PASS" starttime="20231120 16:41:58.157" endtime="20231120 16:41:58.157"/>
</kw>
<status status="PASS" starttime="20231120 16:41:58.157" endtime="20231120 16:41:58.157"/>
</kw>
<status status="PASS" starttime="20231120 16:41:58.157" endtime="20231120 16:41:58.157"/>
</kw>
<kw name="Input Credentials" library="resource">
<arg>kall</arg>
<arg>kalle1</arg>
<kw name="Input" library="AppLibrary">
<arg>${username}</arg>
<status status="PASS" starttime="20231120 16:41:58.157" endtime="20231120 16:41:58.157"/>
</kw>
<kw name="Input" library="AppLibrary">
<arg>${password}</arg>
<status status="PASS" starttime="20231120 16:41:58.157" endtime="20231120 16:41:58.157"/>
</kw>
<kw name="Run Application" library="AppLibrary">
<status status="PASS" starttime="20231120 16:41:58.157" endtime="20231120 16:41:58.157"/>
</kw>
<status status="PASS" starttime="20231120 16:41:58.157" endtime="20231120 16:41:58.157"/>
</kw>
<kw name="Output Should Contain" library="AppLibrary">
<arg>Password must be at least 8 characters long</arg>
<status status="PASS" starttime="20231120 16:41:58.157" endtime="20231120 16:41:58.157"/>
</kw>
<status status="PASS" starttime="20231120 16:41:58.157" endtime="20231120 16:41:58.157"/>
</test>
<test id="s1-s2-t6" name="Register With Valid Username And Long Enough Password Containing Only Letters" line="26">
<kw name="Create User And Input New Command" type="SETUP">
<kw name="Create User" library="AppLibrary">
<arg>kalle</arg>
<arg>kalle123</arg>
<status status="PASS" starttime="20231120 16:41:58.158" endtime="20231120 16:41:58.158"/>
</kw>
<kw name="Input New Command" library="resource">
<kw name="Input" library="AppLibrary">
<arg>new</arg>
<status status="PASS" starttime="20231120 16:41:58.158" endtime="20231120 16:41:58.158"/>
</kw>
<status status="PASS" starttime="20231120 16:41:58.158" endtime="20231120 16:41:58.158"/>
</kw>
<status status="PASS" starttime="20231120 16:41:58.158" endtime="20231120 16:41:58.158"/>
</kw>
<kw name="Input Credentials" library="resource">
<arg>kall</arg>
<arg>kalletest</arg>
<kw name="Input" library="AppLibrary">
<arg>${username}</arg>
<status status="PASS" starttime="20231120 16:41:58.158" endtime="20231120 16:41:58.158"/>
</kw>
<kw name="Input" library="AppLibrary">
<arg>${password}</arg>
<status status="PASS" starttime="20231120 16:41:58.158" endtime="20231120 16:41:58.158"/>
</kw>
<kw name="Run Application" library="AppLibrary">
<status status="PASS" starttime="20231120 16:41:58.158" endtime="20231120 16:41:58.158"/>
</kw>
<status status="PASS" starttime="20231120 16:41:58.158" endtime="20231120 16:41:58.158"/>
</kw>
<kw name="Output Should Contain" library="AppLibrary">
<arg>Password must contain numbers</arg>
<status status="PASS" starttime="20231120 16:41:58.158" endtime="20231120 16:41:58.158"/>
</kw>
<status status="PASS" starttime="20231120 16:41:58.157" endtime="20231120 16:41:58.158"/>
</test>
<status status="PASS" starttime="20231120 16:41:58.153" endtime="20231120 16:41:58.158"/>
</suite>
<status status="PASS" starttime="20231120 16:41:58.142" endtime="20231120 16:41:58.159"/>
</suite>
<statistics>
<total>
<stat pass="9" fail="0" skip="0">All Tests</stat>
</total>
<tag>
</tag>
<suite>
<stat pass="9" fail="0" skip="0" id="s1" name="Tests">Tests</stat>
<stat pass="3" fail="0" skip="0" id="s1-s1" name="Login">Tests.Login</stat>
<stat pass="6" fail="0" skip="0" id="s1-s2" name="Register">Tests.Register</stat>
</suite>
</statistics>
<errors>
</errors>
</robot>
